<?xml version="1.0" encoding="UTF-8"?>
<testsuite xmlns:xsi="http://www.w3.org/2001/XMLSchema-instance" xsi:noNamespaceSchemaLocation="https://maven.apache.org/surefire/maven-surefire-plugin/xsd/surefire-test-report.xsd" name="com.base.demo.PrimeUtilTest" time="0.025" tests="2" errors="0" skipped="0" failures="0">
  <properties>
    <property name="sun.desktop" value="windows"/>
    <property name="awt.toolkit" value="sun.awt.windows.WToolkit"/>
    <property name="file.encoding.pkg" value="sun.io"/>
    <property name="java.specification.version" value="1.8"/>
    <property name="sun.cpu.isalist" value="amd64"/>
    <property name="sun.jnu.encoding" value="Cp1252"/>
    <property name="java.class.path" value="E:\prime-rest-service\target\test-classes;E:\prime-rest-service\target\classes;E:\swttools\R2_REPO\org\springframework\boot\spring-boot-starter-web\2.3.6.RELEASE\spring-boot-starter-web-2.3.6.RELEASE.jar;E:\swttools\R2_REPO\org\springframework\boot\spring-boot-starter\2.3.6.RELEASE\spring-boot-starter-2.3.6.RELEASE.jar;E:\swttools\R2_REPO\org\springframework\boot\spring-boot\2.3.6.RELEASE\spring-boot-2.3.6.RELEASE.jar;E:\swttools\R2_REPO\org\springframework\boot\spring-boot-autoconfigure\2.3.6.RELEASE\spring-boot-autoconfigure-2.3.6.RELEASE.jar;E:\swttools\R2_REPO\org\springframework\boot\spring-boot-starter-logging\2.3.6.RELEASE\spring-boot-starter-logging-2.3.6.RELEASE.jar;E:\swttools\R2_REPO\ch\qos\logback\logback-classic\1.2.3\logback-classic-1.2.3.jar;E:\swttools\R2_REPO\ch\qos\logback\logback-core\1.2.3\logback-core-1.2.3.jar;E:\swttools\R2_REPO\org\apache\logging\log4j\log4j-to-slf4j\2.13.3\log4j-to-slf4j-2.13.3.jar;E:\swttools\R2_REPO\org\apache\logging\log4j\log4j-api\2.13.3\log4j-api-2.13.3.jar;E:\swttools\R2_REPO\org\slf4j\jul-to-slf4j\1.7.30\jul-to-slf4j-1.7.30.jar;E:\swttools\R2_REPO\jakarta\annotation\jakarta.annotation-api\1.3.5\jakarta.annotation-api-1.3.5.jar;E:\swttools\R2_REPO\org\yaml\snakeyaml\1.26\snakeyaml-1.26.jar;E:\swttools\R2_REPO\org\springframework\boot\spring-boot-starter-json\2.3.6.RELEASE\spring-boot-starter-json-2.3.6.RELEASE.jar;E:\swttools\R2_REPO\com\fasterxml\jackson\datatype\jackson-datatype-jdk8\2.11.3\jackson-datatype-jdk8-2.11.3.jar;E:\swttools\R2_REPO\com\fasterxml\jackson\datatype\jackson-datatype-jsr310\2.11.3\jackson-datatype-jsr310-2.11.3.jar;E:\swttools\R2_REPO\com\fasterxml\jackson\module\jackson-module-parameter-names\2.11.3\jackson-module-parameter-names-2.11.3.jar;E:\swttools\R2_REPO\org\springframework\boot\spring-boot-starter-tomcat\2.3.6.RELEASE\spring-boot-starter-tomcat-2.3.6.RELEASE.jar;E:\swttools\R2_REPO\org\apache\tomcat\embed\tomcat-embed-core\9.0.39\tomcat-embed-core-9.0.39.jar;E:\swttools\R2_REPO\org\glassfish\jakarta.el\3.0.3\jakarta.el-3.0.3.jar;E:\swttools\R2_REPO\org\apache\tomcat\embed\tomcat-embed-websocket\9.0.39\tomcat-embed-websocket-9.0.39.jar;E:\swttools\R2_REPO\org\springframework\spring-web\5.2.11.RELEASE\spring-web-5.2.11.RELEASE.jar;E:\swttools\R2_REPO\org\springframework\spring-beans\5.2.11.RELEASE\spring-beans-5.2.11.RELEASE.jar;E:\swttools\R2_REPO\org\springframework\spring-webmvc\5.2.11.RELEASE\spring-webmvc-5.2.11.RELEASE.jar;E:\swttools\R2_REPO\org\springframework\spring-aop\5.2.11.RELEASE\spring-aop-5.2.11.RELEASE.jar;E:\swttools\R2_REPO\org\springframework\spring-context\5.2.11.RELEASE\spring-context-5.2.11.RELEASE.jar;E:\swttools\R2_REPO\org\springframework\spring-expression\5.2.11.RELEASE\spring-expression-5.2.11.RELEASE.jar;E:\swttools\R2_REPO\org\springframework\boot\spring-boot-starter-test\2.3.6.RELEASE\spring-boot-starter-test-2.3.6.RELEASE.jar;E:\swttools\R2_REPO\org\springframework\boot\spring-boot-test\2.3.6.RELEASE\spring-boot-test-2.3.6.RELEASE.jar;E:\swttools\R2_REPO\org\springframework\boot\spring-boot-test-autoconfigure\2.3.6.RELEASE\spring-boot-test-autoconfigure-2.3.6.RELEASE.jar;E:\swttools\R2_REPO\com\jayway\jsonpath\json-path\2.4.0\json-path-2.4.0.jar;E:\swttools\R2_REPO\net\minidev\json-smart\2.3\json-smart-2.3.jar;E:\swttools\R2_REPO\net\minidev\accessors-smart\1.2\accessors-smart-1.2.jar;E:\swttools\R2_REPO\org\ow2\asm\asm\5.0.4\asm-5.0.4.jar;E:\swttools\R2_REPO\org\slf4j\slf4j-api\1.7.30\slf4j-api-1.7.30.jar;E:\swttools\R2_REPO\jakarta\xml\bind\jakarta.xml.bind-api\2.3.3\jakarta.xml.bind-api-2.3.3.jar;E:\swttools\R2_REPO\jakarta\activation\jakarta.activation-api\1.2.2\jakarta.activation-api-1.2.2.jar;E:\swttools\R2_REPO\org\assertj\assertj-core\3.16.1\assertj-core-3.16.1.jar;E:\swttools\R2_REPO\org\hamcrest\hamcrest\2.2\hamcrest-2.2.jar;E:\swttools\R2_REPO\org\junit\jupiter\junit-jupiter\5.6.3\junit-jupiter-5.6.3.jar;E:\swttools\R2_REPO\org\junit\jupiter\junit-jupiter-api\5.6.3\junit-jupiter-api-5.6.3.jar;E:\swttools\R2_REPO\org\opentest4j\opentest4j\1.2.0\opentest4j-1.2.0.jar;E:\swttools\R2_REPO\org\junit\platform\junit-platform-commons\1.6.3\junit-platform-commons-1.6.3.jar;E:\swttools\R2_REPO\org\junit\jupiter\junit-jupiter-params\5.6.3\junit-jupiter-params-5.6.3.jar;E:\swttools\R2_REPO\org\junit\jupiter\junit-jupiter-engine\5.6.3\junit-jupiter-engine-5.6.3.jar;E:\swttools\R2_REPO\org\junit\vintage\junit-vintage-engine\5.6.3\junit-vintage-engine-5.6.3.jar;E:\swttools\R2_REPO\org\apiguardian\apiguardian-api\1.1.0\apiguardian-api-1.1.0.jar;E:\swttools\R2_REPO\org\junit\platform\junit-platform-engine\1.6.3\junit-platform-engine-1.6.3.jar;E:\swttools\R2_REPO\junit\junit\4.13.1\junit-4.13.1.jar;E:\swttools\R2_REPO\org\mockito\mockito-core\3.3.3\mockito-core-3.3.3.jar;E:\swttools\R2_REPO\net\bytebuddy\byte-buddy\1.10.18\byte-buddy-1.10.18.jar;E:\swttools\R2_REPO\net\bytebuddy\byte-buddy-agent\1.10.18\byte-buddy-agent-1.10.18.jar;E:\swttools\R2_REPO\org\objenesis\objenesis\2.6\objenesis-2.6.jar;E:\swttools\R2_REPO\org\mockito\mockito-junit-jupiter\3.3.3\mockito-junit-jupiter-3.3.3.jar;E:\swttools\R2_REPO\org\skyscreamer\jsonassert\1.5.0\jsonassert-1.5.0.jar;E:\swttools\R2_REPO\com\vaadin\external\google\android-json\0.0.20131108.vaadin1\android-json-0.0.20131108.vaadin1.jar;E:\swttools\R2_REPO\org\springframework\spring-core\5.2.11.RELEASE\spring-core-5.2.11.RELEASE.jar;E:\swttools\R2_REPO\org\springframework\spring-jcl\5.2.11.RELEASE\spring-jcl-5.2.11.RELEASE.jar;E:\swttools\R2_REPO\org\springframework\spring-test\5.2.11.RELEASE\spring-test-5.2.11.RELEASE.jar;E:\swttools\R2_REPO\org\xmlunit\xmlunit-core\2.7.0\xmlunit-core-2.7.0.jar;E:\swttools\R2_REPO\com\fasterxml\jackson\dataformat\jackson-dataformat-xml\2.11.3\jackson-dataformat-xml-2.11.3.jar;E:\swttools\R2_REPO\com\fasterxml\jackson\core\jackson-core\2.11.3\jackson-core-2.11.3.jar;E:\swttools\R2_REPO\com\fasterxml\jackson\core\jackson-annotations\2.11.3\jackson-annotations-2.11.3.jar;E:\swttools\R2_REPO\com\fasterxml\jackson\core\jackson-databind\2.11.3\jackson-databind-2.11.3.jar;E:\swttools\R2_REPO\com\fasterxml\jackson\module\jackson-module-jaxb-annotations\2.11.3\jackson-module-jaxb-annotations-2.11.3.jar;E:\swttools\R2_REPO\org\codehaus\woodstox\stax2-api\4.2.1\stax2-api-4.2.1.jar;E:\swttools\R2_REPO\com\fasterxml\woodstox\woodstox-core\6.2.1\woodstox-core-6.2.1.jar;"/>
    <property name="java.vm.vendor" value="Oracle Corporation"/>
    <property name="sun.arch.data.model" value="64"/>
    <property name="user.variant" value=""/>
    <property name="java.vendor.url" value="http://java.oracle.com/"/>
    <property name="user.timezone" value="Asia/Calcutta"/>
    <property name="java.vm.specification.version" value="1.8"/>
    <property name="os.name" value="Windows 10"/>
    <property name="user.country" value="US"/>
    <property name="sun.java.launcher" value="SUN_STANDARD"/>
    <property name="sun.boot.library.path" value="C:\JAVA\jdk1.8.0_271\jre\bin"/>
    <property name="sun.java.command" value="C:\Users\amold\AppData\Local\Temp\surefire6419584356346251605\surefirebooter8403683572044713300.jar C:\Users\amold\AppData\Local\Temp\surefire6419584356346251605 2021-04-29T17-34-37_515-jvmRun1 surefire8211736435606418553tmp surefire_03055385339843247390tmp"/>
    <property name="surefire.test.class.path" value="E:\prime-rest-service\target\test-classes;E:\prime-rest-service\target\classes;E:\swttools\R2_REPO\org\springframework\boot\spring-boot-starter-web\2.3.6.RELEASE\spring-boot-starter-web-2.3.6.RELEASE.jar;E:\swttools\R2_REPO\org\springframework\boot\spring-boot-starter\2.3.6.RELEASE\spring-boot-starter-2.3.6.RELEASE.jar;E:\swttools\R2_REPO\org\springframework\boot\spring-boot\2.3.6.RELEASE\spring-boot-2.3.6.RELEASE.jar;E:\swttools\R2_REPO\org\springframework\boot\spring-boot-autoconfigure\2.3.6.RELEASE\spring-boot-autoconfigure-2.3.6.RELEASE.jar;E:\swttools\R2_REPO\org\springframework\boot\spring-boot-starter-logging\2.3.6.RELEASE\spring-boot-starter-logging-2.3.6.RELEASE.jar;E:\swttools\R2_REPO\ch\qos\logback\logback-classic\1.2.3\logback-classic-1.2.3.jar;E:\swttools\R2_REPO\ch\qos\logback\logback-core\1.2.3\logback-core-1.2.3.jar;E:\swttools\R2_REPO\org\apache\logging\log4j\log4j-to-slf4j\2.13.3\log4j-to-slf4j-2.13.3.jar;E:\swttools\R2_REPO\org\apache\logging\log4j\log4j-api\2.13.3\log4j-api-2.13.3.jar;E:\swttools\R2_REPO\org\slf4j\jul-to-slf4j\1.7.30\jul-to-slf4j-1.7.30.jar;E:\swttools\R2_REPO\jakarta\annotation\jakarta.annotation-api\1.3.5\jakarta.annotation-api-1.3.5.jar;E:\swttools\R2_REPO\org\yaml\snakeyaml\1.26\snakeyaml-1.26.jar;E:\swttools\R2_REPO\org\springframework\boot\spring-boot-starter-json\2.3.6.RELEASE\spring-boot-starter-json-2.3.6.RELEASE.jar;E:\swttools\R2_REPO\com\fasterxml\jackson\datatype\jackson-datatype-jdk8\2.11.3\jackson-datatype-jdk8-2.11.3.jar;E:\swttools\R2_REPO\com\fasterxml\jackson\datatype\jackson-datatype-jsr310\2.11.3\jackson-datatype-jsr310-2.11.3.jar;E:\swttools\R2_REPO\com\fasterxml\jackson\module\jackson-module-parameter-names\2.11.3\jackson-module-parameter-names-2.11.3.jar;E:\swttools\R2_REPO\org\springframework\boot\spring-boot-starter-tomcat\2.3.6.RELEASE\spring-boot-starter-tomcat-2.3.6.RELEASE.jar;E:\swttools\R2_REPO\org\apache\tomcat\embed\tomcat-embed-core\9.0.39\tomcat-embed-core-9.0.39.jar;E:\swttools\R2_REPO\org\glassfish\jakarta.el\3.0.3\jakarta.el-3.0.3.jar;E:\swttools\R2_REPO\org\apache\tomcat\embed\tomcat-embed-websocket\9.0.39\tomcat-embed-websocket-9.0.39.jar;E:\swttools\R2_REPO\org\springframework\spring-web\5.2.11.RELEASE\spring-web-5.2.11.RELEASE.jar;E:\swttools\R2_REPO\org\springframework\spring-beans\5.2.11.RELEASE\spring-beans-5.2.11.RELEASE.jar;E:\swttools\R2_REPO\org\springframework\spring-webmvc\5.2.11.RELEASE\spring-webmvc-5.2.11.RELEASE.jar;E:\swttools\R2_REPO\org\springframework\spring-aop\5.2.11.RELEASE\spring-aop-5.2.11.RELEASE.jar;E:\swttools\R2_REPO\org\springframework\spring-context\5.2.11.RELEASE\spring-context-5.2.11.RELEASE.jar;E:\swttools\R2_REPO\org\springframework\spring-expression\5.2.11.RELEASE\spring-expression-5.2.11.RELEASE.jar;E:\swttools\R2_REPO\org\springframework\boot\spring-boot-starter-test\2.3.6.RELEASE\spring-boot-starter-test-2.3.6.RELEASE.jar;E:\swttools\R2_REPO\org\springframework\boot\spring-boot-test\2.3.6.RELEASE\spring-boot-test-2.3.6.RELEASE.jar;E:\swttools\R2_REPO\org\springframework\boot\spring-boot-test-autoconfigure\2.3.6.RELEASE\spring-boot-test-autoconfigure-2.3.6.RELEASE.jar;E:\swttools\R2_REPO\com\jayway\jsonpath\json-path\2.4.0\json-path-2.4.0.jar;E:\swttools\R2_REPO\net\minidev\json-smart\2.3\json-smart-2.3.jar;E:\swttools\R2_REPO\net\minidev\accessors-smart\1.2\accessors-smart-1.2.jar;E:\swttools\R2_REPO\org\ow2\asm\asm\5.0.4\asm-5.0.4.jar;E:\swttools\R2_REPO\org\slf4j\slf4j-api\1.7.30\slf4j-api-1.7.30.jar;E:\swttools\R2_REPO\jakarta\xml\bind\jakarta.xml.bind-api\2.3.3\jakarta.xml.bind-api-2.3.3.jar;E:\swttools\R2_REPO\jakarta\activation\jakarta.activation-api\1.2.2\jakarta.activation-api-1.2.2.jar;E:\swttools\R2_REPO\org\assertj\assertj-core\3.16.1\assertj-core-3.16.1.jar;E:\swttools\R2_REPO\org\hamcrest\hamcrest\2.2\hamcrest-2.2.jar;E:\swttools\R2_REPO\org\junit\jupiter\junit-jupiter\5.6.3\junit-jupiter-5.6.3.jar;E:\swttools\R2_REPO\org\junit\jupiter\junit-jupiter-api\5.6.3\junit-jupiter-api-5.6.3.jar;E:\swttools\R2_REPO\org\opentest4j\opentest4j\1.2.0\opentest4j-1.2.0.jar;E:\swttools\R2_REPO\org\junit\platform\junit-platform-commons\1.6.3\junit-platform-commons-1.6.3.jar;E:\swttools\R2_REPO\org\junit\jupiter\junit-jupiter-params\5.6.3\junit-jupiter-params-5.6.3.jar;E:\swttools\R2_REPO\org\junit\jupiter\junit-jupiter-engine\5.6.3\junit-jupiter-engine-5.6.3.jar;E:\swttools\R2_REPO\org\junit\vintage\junit-vintage-engine\5.6.3\junit-vintage-engine-5.6.3.jar;E:\swttools\R2_REPO\org\apiguardian\apiguardian-api\1.1.0\apiguardian-api-1.1.0.jar;E:\swttools\R2_REPO\org\junit\platform\junit-platform-engine\1.6.3\junit-platform-engine-1.6.3.jar;E:\swttools\R2_REPO\junit\junit\4.13.1\junit-4.13.1.jar;E:\swttools\R2_REPO\org\mockito\mockito-core\3.3.3\mockito-core-3.3.3.jar;E:\swttools\R2_REPO\net\bytebuddy\byte-buddy\1.10.18\byte-buddy-1.10.18.jar;E:\swttools\R2_REPO\net\bytebuddy\byte-buddy-agent\1.10.18\byte-buddy-agent-1.10.18.jar;E:\swttools\R2_REPO\org\objenesis\objenesis\2.6\objenesis-2.6.jar;E:\swttools\R2_REPO\org\mockito\mockito-junit-jupiter\3.3.3\mockito-junit-jupiter-3.3.3.jar;E:\swttools\R2_REPO\org\skyscreamer\jsonassert\1.5.0\jsonassert-1.5.0.jar;E:\swttools\R2_REPO\com\vaadin\external\google\android-json\0.0.20131108.vaadin1\android-json-0.0.20131108.vaadin1.jar;E:\swttools\R2_REPO\org\springframework\spring-core\5.2.11.RELEASE\spring-core-5.2.11.RELEASE.jar;E:\swttools\R2_REPO\org\springframework\spring-jcl\5.2.11.RELEASE\spring-jcl-5.2.11.RELEASE.jar;E:\swttools\R2_REPO\org\springframework\spring-test\5.2.11.RELEASE\spring-test-5.2.11.RELEASE.jar;E:\swttools\R2_REPO\org\xmlunit\xmlunit-core\2.7.0\xmlunit-core-2.7.0.jar;E:\swttools\R2_REPO\com\fasterxml\jackson\dataformat\jackson-dataformat-xml\2.11.3\jackson-dataformat-xml-2.11.3.jar;E:\swttools\R2_REPO\com\fasterxml\jackson\core\jackson-core\2.11.3\jackson-core-2.11.3.jar;E:\swttools\R2_REPO\com\fasterxml\jackson\core\jackson-annotations\2.11.3\jackson-annotations-2.11.3.jar;E:\swttools\R2_REPO\com\fasterxml\jackson\core\jackson-databind\2.11.3\jackson-databind-2.11.3.jar;E:\swttools\R2_REPO\com\fasterxml\jackson\module\jackson-module-jaxb-annotations\2.11.3\jackson-module-jaxb-annotations-2.11.3.jar;E:\swttools\R2_REPO\org\codehaus\woodstox\stax2-api\4.2.1\stax2-api-4.2.1.jar;E:\swttools\R2_REPO\com\fasterxml\woodstox\woodstox-core\6.2.1\woodstox-core-6.2.1.jar;"/>
    <property name="sun.cpu.endian" value="little"/>
    <property name="user.home" value="C:\Users\amold"/>
    <property name="user.language" value="en"/>
    <property name="java.specification.vendor" value="Oracle Corporation"/>
    <property name="java.home" value="C:\JAVA\jdk1.8.0_271\jre"/>
    <property name="basedir" value="E:\prime-rest-service"/>
    <property name="file.separator" value="\"/>
    <property name="line.separator" value="&#10;"/>
    <property name="java.vm.specification.vendor" value="Oracle Corporation"/>
    <property name="java.specification.name" value="Java Platform API Specification"/>
    <property name="java.awt.graphicsenv" value="sun.awt.Win32GraphicsEnvironment"/>
    <property name="surefire.real.class.path" value="C:\Users\amold\AppData\Local\Temp\surefire6419584356346251605\surefirebooter8403683572044713300.jar"/>
    <property name="sun.boot.class.path" value="C:\JAVA\jdk1.8.0_271\jre\lib\resources.jar;C:\JAVA\jdk1.8.0_271\jre\lib\rt.jar;C:\JAVA\jdk1.8.0_271\jre\lib\sunrsasign.jar;C:\JAVA\jdk1.8.0_271\jre\lib\jsse.jar;C:\JAVA\jdk1.8.0_271\jre\lib\jce.jar;C:\JAVA\jdk1.8.0_271\jre\lib\charsets.jar;C:\JAVA\jdk1.8.0_271\jre\lib\jfr.jar;C:\JAVA\jdk1.8.0_271\jre\classes"/>
    <property name="user.script" value=""/>
    <property name="sun.management.compiler" value="HotSpot 64-Bit Tiered Compilers"/>
    <property name="java.runtime.version" value="1.8.0_271-b09"/>
    <property name="user.name" value="amold"/>
    <property name="path.separator" value=";"/>
    <property name="os.version" value="10.0"/>
    <property name="java.endorsed.dirs" value="C:\JAVA\jdk1.8.0_271\jre\lib\endorsed"/>
    <property name="java.runtime.name" value="Java(TM) SE Runtime Environment"/>
    <property name="file.encoding" value="Cp1252"/>
    <property name="java.vm.name" value="Java HotSpot(TM) 64-Bit Server VM"/>
    <property name="localRepository" value="E:\swttools\R2_REPO"/>
    <property name="java.vendor.url.bug" value="http://bugreport.sun.com/bugreport/"/>
    <property name="java.io.tmpdir" value="C:\Users\amold\AppData\Local\Temp\"/>
    <property name="java.version" value="1.8.0_271"/>
    <property name="user.dir" value="E:\prime-rest-service"/>
    <property name="os.arch" value="amd64"/>
    <property name="java.vm.specification.name" value="Java Virtual Machine Specification"/>
    <property name="java.awt.printerjob" value="sun.awt.windows.WPrinterJob"/>
    <property name="sun.os.patch.level" value=""/>
    <property name="java.library.path" value="C:\JAVA\jdk1.8.0_271\jre\bin;C:\WINDOWS\Sun\Java\bin;C:\WINDOWS\system32;C:\WINDOWS;C:\Program Files (x86)\Common Files\Oracle\Java\javapath;C:\WINDOWS\system32;C:\WINDOWS;C:\WINDOWS\System32\Wbem;C:\WINDOWS\System32\WindowsPowerShell\v1.0\;C:\WINDOWS\System32\OpenSSH\;C:\Program Files\MySQL\MySQL Shell 8.0\bin\;C:\Users\amold\AppData\Local\Microsoft\WindowsApps;C:\JAVA\jdk1.8.0_271\bin;E:\swttools\apache-maven-3.6.3\bin;E:\swttools\apache-ant-1.10.9\bin;;C:\Users\amold\AppData\Local\Programs\Microsoft VS Code\bin;."/>
    <property name="java.vm.info" value="mixed mode"/>
    <property name="java.vendor" value="Oracle Corporation"/>
    <property name="java.vm.version" value="25.271-b09"/>
    <property name="java.ext.dirs" value="C:\JAVA\jdk1.8.0_271\jre\lib\ext;C:\WINDOWS\Sun\Java\lib\ext"/>
    <property name="sun.io.unicode.encoding" value="UnicodeLittle"/>
    <property name="java.class.version" value="52.0"/>
  </properties>
  <testcase name="primeListTest" classname="com.base.demo.PrimeUtilTest" time="0.005"/>
  <testcase name="isPrimeTest" classname="com.base.demo.PrimeUtilTest" time="0.007"/>
</testsuite>